2024-03-16 22:59:50,786 INFO buggaren [main] Connected to the database!
2024-03-16 23:00:06,678 INFO buggaren [main] Connected to the database!
2024-03-16 23:00:16,682 INFO buggaren [main] No suspensions to reset.
2024-03-16 23:02:32,911 INFO buggaren [main] Connected to the database!
2024-03-16 23:02:32,919 INFO buggaren [main] Social security number written to file: 200106040404
2024-03-16 23:02:32,940 INFO buggaren [main] Connected to the database!
2024-03-16 23:02:32,949 INFO buggaren [main] Member with ID: 2 has been anonymized.
2024-03-16 23:02:32,949 WARN buggaren [main] No member status found or removed for member ID: 2
2024-03-16 23:02:32,952 INFO buggaren [main] Member with ID: 2 permanently banned.
2024-03-16 23:44:18,381 INFO buggaren [main] Connected to the database!
2024-03-16 23:44:49,564 INFO buggaren [main] No suspensions to reset.
2024-03-16 23:49:40,690 INFO buggaren [main] Connected to the database!
2024-03-16 23:50:53,876 INFO buggaren [main] Connected to the database!
<<<<<<< Updated upstream
2024-03-17 00:00:53,842 INFO buggaren [main] Connected to the database!
2024-03-17 00:00:53,858 INFO buggaren [main] Entering addBookStore with IBook: Mock for Book, hashCode: 1088239991
2024-03-17 00:00:53,862 INFO buggaren [main] No book was added for ISBN 9780000000001.
2024-03-17 00:00:53,862 INFO buggaren [main] Exiting addBookStore for IBook: Mock for Book, hashCode: 1088239991
2024-03-17 00:00:54,010 INFO buggaren [main] Suspension reset for member ID: 5
2024-03-17 00:00:54,012 INFO buggaren [main] Attempting to process return for book with ISBN: 9780307476463 by member ID: 1
2024-03-17 00:00:54,013 INFO buggaren [main] Book with ISBN: 9780307476463 successfully returned by member ID: 1
2024-03-17 00:00:54,058 INFO buggaren [main] Connected to the database!
2024-03-17 00:00:54,070 INFO buggaren [main] Member with ID: 35 has been anonymized.
2024-03-17 00:00:54,071 WARN buggaren [main] No member status found or removed for member ID: 35
2024-03-17 00:00:54,100 INFO buggaren [main] Member with ID: 35 has been anonymized.
2024-03-17 00:00:54,100 INFO buggaren [main] Member status removed for member ID: 35
2024-03-17 00:00:54,104 INFO buggaren [main] Attempting to update the copies for ISBN : 9780307476463
2024-03-17 00:00:54,104 INFO buggaren [main] The available copies for ISBN: 9780307476463 updated successfully to 4
2024-03-17 00:01:43,913 INFO buggaren [main] Connected to the database!
2024-03-17 00:01:43,919 INFO buggaren [main] Entering addBookStore with IBook: Mock for Book, hashCode: 1088239991
2024-03-17 00:01:43,923 INFO buggaren [main] No book was added for ISBN 9780000000001.
2024-03-17 00:01:43,923 INFO buggaren [main] Exiting addBookStore for IBook: Mock for Book, hashCode: 1088239991
2024-03-17 00:01:44,075 INFO buggaren [main] Suspension reset for member ID: 5
2024-03-17 00:01:44,078 INFO buggaren [main] Attempting to process return for book with ISBN: 9780307476463 by member ID: 1
2024-03-17 00:01:44,078 INFO buggaren [main] Book with ISBN: 9780307476463 successfully returned by member ID: 1
2024-03-17 00:01:44,117 INFO buggaren [main] Connected to the database!
2024-03-17 00:01:44,128 INFO buggaren [main] Member with ID: 35 has been anonymized.
2024-03-17 00:01:44,129 WARN buggaren [main] No member status found or removed for member ID: 35
2024-03-17 00:01:44,157 INFO buggaren [main] Member with ID: 35 has been anonymized.
2024-03-17 00:01:44,157 INFO buggaren [main] Member status removed for member ID: 35
2024-03-17 00:01:44,161 INFO buggaren [main] Attempting to update the copies for ISBN : 9780307476463
2024-03-17 00:01:44,161 INFO buggaren [main] The available copies for ISBN: 9780307476463 updated successfully to 4
2024-03-17 00:02:07,310 INFO buggaren [main] Suspension reset for member ID: 5
2024-03-17 00:02:07,760 INFO buggaren [main] Connected to the database!
2024-03-17 00:02:07,761 INFO buggaren [main] Attempting to process return for book with ISBN: 9780307476463 by member ID: 1
2024-03-17 00:02:07,761 INFO buggaren [main] Book with ISBN: 9780307476463 successfully returned by member ID: 1
2024-03-17 00:02:07,817 INFO buggaren [main] Connected to the database!
2024-03-17 00:02:07,834 INFO buggaren [main] Member with ID: 35 has been anonymized.
2024-03-17 00:02:07,835 WARN buggaren [main] No member status found or removed for member ID: 35
2024-03-17 00:02:07,889 INFO buggaren [main] Member with ID: 35 has been anonymized.
2024-03-17 00:02:07,889 INFO buggaren [main] Member status removed for member ID: 35
2024-03-17 00:02:07,894 INFO buggaren [main] Attempting to update the copies for ISBN : 9780307476463
2024-03-17 00:02:07,894 INFO buggaren [main] The available copies for ISBN: 9780307476463 updated successfully to 4
2024-03-17 00:20:34,504 INFO buggaren [main] Connected to the database!
2024-03-17 00:20:34,518 INFO buggaren [main] Member with ID: 35 has been anonymized.
2024-03-17 00:20:34,519 WARN buggaren [main] No member status found or removed for member ID: 35
2024-03-17 00:21:51,086 INFO buggaren [main] Connected to the database!
2024-03-17 00:21:51,093 INFO buggaren [main] Attempting to update the copies for ISBN : 9780307476463
2024-03-17 00:21:51,096 INFO buggaren [main] The available copies for ISBN: 9780307476463 updated successfully to 4
2024-03-17 00:40:56,001 INFO buggaren [main] Suspension reset for member ID: 45
2024-03-17 00:42:16,504 INFO buggaren [main] Suspension reset for member ID: 45
2024-03-17 00:44:07,460 INFO buggaren [main] Attempting to update the copies for ISBN : 9780307476463
2024-03-17 00:44:07,466 INFO buggaren [main] The available copies for ISBN: 9780307476463 updated successfully to 4
2024-03-17 00:45:40,051 INFO buggaren [main] Attempting to process return for book with ISBN: 9780307476463 by member ID: 1
2024-03-17 00:45:40,055 INFO buggaren [main] Book with ISBN: 9780307476463 successfully returned by member ID: 1
2024-03-17 00:46:12,222 INFO buggaren [main] Member with ID: 45 has been anonymized.
2024-03-17 00:46:12,226 INFO buggaren [main] Member status removed for member ID: 45
2024-03-17 00:46:12,253 INFO buggaren [main] Attempting to process return for book with ISBN: 9780307476463 by member ID: 1
2024-03-17 00:46:12,253 INFO buggaren [main] Book with ISBN: 9780307476463 successfully returned by member ID: 1
2024-03-17 00:46:12,261 INFO buggaren [main] Attempting to update the copies for ISBN : 9780307476463
2024-03-17 00:46:12,261 INFO buggaren [main] The available copies for ISBN: 9780307476463 updated successfully to 4
2024-03-17 00:46:12,267 INFO buggaren [main] Suspension reset for member ID: 45
2024-03-17 00:46:12,668 INFO buggaren [main] Connected to the database!
2024-03-17 00:47:43,918 INFO buggaren [main] Attempting to lend book with ISBN: 9780307476463 to member with ID: 1
2024-03-17 00:47:43,921 INFO buggaren [main] Entering getBookByISBNStore with ISBN: 9780307476463
2024-03-17 00:51:45,809 INFO buggaren [main] Social security number written to file: 0
2024-03-17 00:51:45,812 INFO buggaren [main] Member with ID: 45 has been anonymized.
2024-03-17 00:51:45,813 INFO buggaren [main] Member status removed for member ID: 45
2024-03-17 00:51:45,814 INFO buggaren [main] Member with ID: 45 permanently banned.
2024-03-17 00:52:24,514 INFO buggaren [main] Attempting to lend book with ISBN: 9780307476463 to member with ID: 1
2024-03-17 00:52:24,517 INFO buggaren [main] Entering getBookByISBNStore with ISBN: 9780307476463
2024-03-17 00:53:32,826 INFO buggaren [main] Attempting to lend book with ISBN: 9780307476463 to member with ID: 1
2024-03-17 00:53:32,828 INFO buggaren [main] Entering getBookByISBNStore with ISBN: 9780307476463
2024-03-17 00:54:57,859 INFO buggaren [main] Member with ID: 45 has been anonymized.
2024-03-17 00:54:57,863 INFO buggaren [main] Member status removed for member ID: 45
2024-03-17 00:54:57,891 INFO buggaren [main] Attempting to process return for book with ISBN: 9780307476463 by member ID: 1
2024-03-17 00:54:57,892 INFO buggaren [main] Book with ISBN: 9780307476463 successfully returned by member ID: 1
2024-03-17 00:54:57,900 INFO buggaren [main] Social security number written to file: 0
2024-03-17 00:54:57,901 INFO buggaren [main] Member with ID: 45 has been anonymized.
2024-03-17 00:54:57,901 INFO buggaren [main] Member status removed for member ID: 45
2024-03-17 00:54:57,902 INFO buggaren [main] Member with ID: 45 permanently banned.
2024-03-17 00:54:57,906 INFO buggaren [main] Attempting to update the copies for ISBN : 9780307476463
2024-03-17 00:54:57,907 INFO buggaren [main] The available copies for ISBN: 9780307476463 updated successfully to 4
2024-03-17 00:54:57,914 INFO buggaren [main] Suspension reset for member ID: 45
2024-03-17 00:55:36,754 INFO buggaren [main] Member with ID: 45 has been anonymized.
2024-03-17 00:55:36,758 INFO buggaren [main] Member status removed for member ID: 45
2024-03-17 00:55:36,789 INFO buggaren [main] Attempting to process return for book with ISBN: 9780307476463 by member ID: 1
2024-03-17 00:55:36,790 INFO buggaren [main] Book with ISBN: 9780307476463 successfully returned by member ID: 1
2024-03-17 00:55:36,799 INFO buggaren [main] Social security number written to file: 0
2024-03-17 00:55:36,801 INFO buggaren [main] Member with ID: 45 has been anonymized.
2024-03-17 00:55:36,801 INFO buggaren [main] Member status removed for member ID: 45
2024-03-17 00:55:36,802 INFO buggaren [main] Member with ID: 45 permanently banned.
2024-03-17 00:55:36,806 INFO buggaren [main] Attempting to update the copies for ISBN : 9780307476463
2024-03-17 00:55:36,806 INFO buggaren [main] The available copies for ISBN: 9780307476463 updated successfully to 4
2024-03-17 00:55:36,813 INFO buggaren [main] Suspension reset for member ID: 45
2024-03-17 01:25:32,406 INFO buggaren [main] Member with ID: 45 has been anonymized.
2024-03-17 01:25:32,410 INFO buggaren [main] Member status removed for member ID: 45
2024-03-17 01:25:32,438 INFO buggaren [main] Attempting to process return for book with ISBN: 9780307476463 by member ID: 1
2024-03-17 01:25:32,439 INFO buggaren [main] Book with ISBN: 9780307476463 successfully returned by member ID: 1
2024-03-17 01:25:32,447 INFO buggaren [main] Social security number written to file: 0
2024-03-17 01:25:32,448 INFO buggaren [main] Member with ID: 45 has been anonymized.
2024-03-17 01:25:32,448 INFO buggaren [main] Member status removed for member ID: 45
2024-03-17 01:25:32,449 INFO buggaren [main] Member with ID: 45 permanently banned.
2024-03-17 01:25:32,453 INFO buggaren [main] Attempting to update the copies for ISBN : 9780307476463
2024-03-17 01:25:32,454 INFO buggaren [main] The available copies for ISBN: 9780307476463 updated successfully to 4
2024-03-17 01:25:32,460 INFO buggaren [main] Suspension reset for member ID: 45
=======
2024-03-17 00:29:24,025 INFO buggaren [main] Member with ID: 35 has been anonymized.
2024-03-17 00:29:24,028 INFO buggaren [main] Member status removed for member ID: 35
2024-03-17 00:30:46,289 INFO buggaren [main] Member with ID: 36 has been anonymized.
2024-03-17 00:30:46,293 INFO buggaren [main] Member status removed for member ID: 36
2024-03-17 00:32:01,617 INFO buggaren [main] Member with ID: 45 has been anonymized.
2024-03-17 00:32:01,622 INFO buggaren [main] Member status removed for member ID: 45
2024-03-17 00:36:34,742 INFO buggaren [main] Member with ID: 35 has been anonymized.
2024-03-17 00:36:34,746 INFO buggaren [main] Member status removed for member ID: 35
2024-03-17 00:36:40,964 INFO buggaren [main] Connected to the database!
2024-03-17 00:37:09,363 INFO buggaren [main] Connected to the database!
2024-03-17 00:37:17,561 INFO buggaren [main] No suspensions to reset.
2024-03-17 00:37:38,216 INFO buggaren [main] No suspensions to reset.
2024-03-17 00:46:22,950 INFO buggaren [main] Connected to the database!
2024-03-17 00:46:37,312 INFO buggaren [main] No suspensions to reset.
2024-03-17 00:54:08,166 INFO buggaren [main] Connected to the database!
2024-03-17 00:54:29,434 INFO buggaren [main] No suspensions to reset.
2024-03-17 00:54:38,904 INFO buggaren [main] Connected to the database!
2024-03-17 00:54:38,915 INFO buggaren [main] Member with ID: 12 has been anonymized.
2024-03-17 00:54:38,921 INFO buggaren [main] Member status removed for member ID: 12
2024-03-17 00:55:11,642 INFO buggaren [main] Connected to the database!
2024-03-17 00:55:11,644 INFO buggaren [main] Social security number written to file: 200405240132
2024-03-17 00:55:11,659 INFO buggaren [main] Connected to the database!
2024-03-17 00:55:11,666 INFO buggaren [main] Member with ID: 12 has been anonymized.
2024-03-17 00:55:11,667 WARN buggaren [main] No member status found or removed for member ID: 12
2024-03-17 00:55:11,667 INFO buggaren [main] Member with ID: 12 permanently banned.
2024-03-17 00:56:29,279 INFO buggaren [main] No suspension record found for member ID: 12
2024-03-17 00:56:29,321 ERROR buggaren [main] Error initializing member status for member ID: 12: Duplicate entry '12' for key 'member_status.PRIMARY'
java.sql.SQLIntegrityConstraintViolationException: Duplicate entry '12' for key 'member_status.PRIMARY'
	at com.mysql.cj.jdbc.exceptions.SQLError.createSQLException(SQLError.java:118) ~[mysql-connector-j-8.0.33.jar:8.0.33]
	at com.mysql.cj.jdbc.exceptions.SQLExceptionsMapping.translateException(SQLExceptionsMapping.java:122) ~[mysql-connector-j-8.0.33.jar:8.0.33]
	at com.mysql.cj.jdbc.ClientPreparedStatement.executeInternal(ClientPreparedStatement.java:916) ~[mysql-connector-j-8.0.33.jar:8.0.33]
	at com.mysql.cj.jdbc.ClientPreparedStatement.executeUpdateInternal(ClientPreparedStatement.java:1061) ~[mysql-connector-j-8.0.33.jar:8.0.33]
	at com.mysql.cj.jdbc.ClientPreparedStatement.executeUpdateInternal(ClientPreparedStatement.java:1009) ~[mysql-connector-j-8.0.33.jar:8.0.33]
	at com.mysql.cj.jdbc.ClientPreparedStatement.executeLargeUpdate(ClientPreparedStatement.java:1320) ~[mysql-connector-j-8.0.33.jar:8.0.33]
	at com.mysql.cj.jdbc.ClientPreparedStatement.executeUpdate(ClientPreparedStatement.java:994) ~[mysql-connector-j-8.0.33.jar:8.0.33]
	at classes.MemberStore.initializeMemberStatus(MemberStore.java:384) [classes/:?]
	at classes.MemberStore.autoSuspendMemberStore(MemberStore.java:300) [classes/:?]
	at classes.LibraryStoreManager.autoSuspendMember(LibraryStoreManager.java:138) [classes/:?]
	at textinterface.textinterface_Main.manageBooks(textinterface_Main.java:178) [classes/:?]
	at textinterface.textinterface_Main.librarianInterface(textinterface_Main.java:57) [classes/:?]
	at textinterface.textinterface_Main.manageMembers(textinterface_Main.java:144) [classes/:?]
	at textinterface.textinterface_Main.librarianInterface(textinterface_Main.java:54) [classes/:?]
	at textinterface.textinterface_Main.main(textinterface_Main.java:31) [classes/:?]
2024-03-17 00:56:29,328 ERROR buggaren [main] Database error while attempting to auto-suspend member ID: 12: Duplicate entry '12' for key 'member_status.PRIMARY'
java.sql.SQLIntegrityConstraintViolationException: Duplicate entry '12' for key 'member_status.PRIMARY'
	at com.mysql.cj.jdbc.exceptions.SQLError.createSQLException(SQLError.java:118) ~[mysql-connector-j-8.0.33.jar:8.0.33]
	at com.mysql.cj.jdbc.exceptions.SQLExceptionsMapping.translateException(SQLExceptionsMapping.java:122) ~[mysql-connector-j-8.0.33.jar:8.0.33]
	at com.mysql.cj.jdbc.ClientPreparedStatement.executeInternal(ClientPreparedStatement.java:916) ~[mysql-connector-j-8.0.33.jar:8.0.33]
	at com.mysql.cj.jdbc.ClientPreparedStatement.executeUpdateInternal(ClientPreparedStatement.java:1061) ~[mysql-connector-j-8.0.33.jar:8.0.33]
	at com.mysql.cj.jdbc.ClientPreparedStatement.executeUpdateInternal(ClientPreparedStatement.java:1009) ~[mysql-connector-j-8.0.33.jar:8.0.33]
	at com.mysql.cj.jdbc.ClientPreparedStatement.executeLargeUpdate(ClientPreparedStatement.java:1320) ~[mysql-connector-j-8.0.33.jar:8.0.33]
	at com.mysql.cj.jdbc.ClientPreparedStatement.executeUpdate(ClientPreparedStatement.java:994) ~[mysql-connector-j-8.0.33.jar:8.0.33]
	at classes.MemberStore.initializeMemberStatus(MemberStore.java:384) ~[classes/:?]
	at classes.MemberStore.autoSuspendMemberStore(MemberStore.java:300) [classes/:?]
	at classes.LibraryStoreManager.autoSuspendMember(LibraryStoreManager.java:138) [classes/:?]
	at textinterface.textinterface_Main.manageBooks(textinterface_Main.java:178) [classes/:?]
	at textinterface.textinterface_Main.librarianInterface(textinterface_Main.java:57) [classes/:?]
	at textinterface.textinterface_Main.manageMembers(textinterface_Main.java:144) [classes/:?]
	at textinterface.textinterface_Main.librarianInterface(textinterface_Main.java:54) [classes/:?]
	at textinterface.textinterface_Main.main(textinterface_Main.java:31) [classes/:?]
2024-03-17 00:58:01,089 INFO buggaren [main] Attempting to lend book with ISBN: 9780000000043 to member with ID: 12
2024-03-17 00:58:01,089 INFO buggaren [main] Entering getBookByISBNStore with ISBN: 9780000000043
2024-03-17 00:58:01,091 INFO buggaren [main] Exiting getBookByISBNStore with result: classes.Book@62fe6067
2024-03-17 00:58:01,092 INFO buggaren [main] Attempting to update the copies for ISBN : 9780000000043
2024-03-17 00:58:01,100 INFO buggaren [main] The available copies for ISBN: 9780000000043 updated successfully to 1
2024-03-17 00:58:01,107 INFO buggaren [main] Book with ISBN: 9780000000043 has been successfully lent out.
2024-03-17 01:02:10,483 INFO buggaren [main] Attempting to add new member with Social Security Number: 200106040132
2024-03-17 01:02:10,492 INFO buggaren [main] New member added: jonatan olers, ID: 71
2024-03-17 01:02:58,313 INFO buggaren [main] Attempting to add new member with Social Security Number: 200106040505
2024-03-17 01:02:58,321 INFO buggaren [main] New member added: john doe, ID: 72
2024-03-17 01:11:17,378 INFO buggaren [main] Connected to the database!
2024-03-17 01:11:42,820 INFO buggaren [main] No suspensions to reset.
2024-03-17 01:11:51,488 INFO buggaren [main] Connected to the database!
2024-03-17 01:11:51,500 INFO buggaren [main] Member with ID: 25 has been anonymized.
2024-03-17 01:11:51,509 INFO buggaren [main] Member status removed for member ID: 25
2024-03-17 01:14:07,168 INFO buggaren [main] Attempting to add new member with Social Security Number: 200406040808
2024-03-17 01:14:07,174 INFO buggaren [main] New member added: john doe, ID: 73
2024-03-17 01:20:59,070 INFO buggaren [main] Connected to the database!
2024-03-17 01:20:59,078 INFO buggaren [main] Member with ID: 71 has been anonymized.
2024-03-17 01:20:59,078 WARN buggaren [main] No member status found or removed for member ID: 71
>>>>>>> Stashed changes
2024-03-17 15:01:09,435 INFO buggaren [main] Connected to the database!
2024-03-17 15:01:20,845 INFO buggaren [main] No suspensions to reset.
2024-03-17 15:02:13,833 INFO buggaren [main] Late book count updated successfully for member ID: 66. New count: 3
2024-03-17 15:02:13,833 INFO buggaren [main] Attempting to apply suspension to member ID: 66
2024-03-17 15:02:13,843 INFO buggaren [main] Suspension successfully applied to member ID: 66. Suspension period ends on 2024-03-16
2024-03-17 15:02:13,844 INFO buggaren [main] Suspension applied to member ID: 66 due to late book returns.
2024-03-17 15:02:37,588 INFO buggaren [main] Attempting to lend book with ISBN: 9780000000011 to member with ID: 66
2024-03-17 15:02:37,590 INFO buggaren [main] Member with ID: 66 cannot lend more books. Limit reached.
2024-03-17 22:19:23,615 INFO buggaren [main] Connected to the database!
2024-03-17 22:19:31,839 INFO buggaren [main] Suspension reset for member ID: 2
2024-03-17 22:19:31,846 INFO buggaren [main] Suspension reset for member ID: 66
2024-03-17 22:19:50,992 INFO buggaren [main] Late book count updated successfully for member ID: 67. New count: 3
2024-03-17 22:19:50,993 INFO buggaren [main] Attempting to apply suspension to member ID: 67
2024-03-17 22:19:51,004 INFO buggaren [main] Suspension successfully applied to member ID: 67. Suspension period ends on 2024-04-01
2024-03-17 22:19:51,004 INFO buggaren [main] Suspension applied to member ID: 67 due to late book returns.
2024-03-17 22:20:20,755 INFO buggaren [main] Connected to the database!
2024-03-17 22:20:34,026 INFO buggaren [main] No suspensions to reset.
2024-03-17 22:21:28,835 INFO buggaren [main] Late book count updated successfully for member ID: 66. New count: 3
2024-03-17 22:21:28,835 INFO buggaren [main] Attempting to apply suspension to member ID: 66
2024-03-17 22:21:28,850 INFO buggaren [main] Suspension successfully applied to member ID: 66. Suspension period ends on 2024-03-16
2024-03-17 22:21:28,850 INFO buggaren [main] Suspension applied to member ID: 66 due to late book returns.
2024-03-17 22:21:44,085 INFO buggaren [main] Attempting to lend book with ISBN: 9780000000011 to member with ID: 66
2024-03-17 22:21:44,088 INFO buggaren [main] Member with ID: 66 cannot lend more books. Limit reached.
2024-03-17 22:22:52,482 INFO buggaren [main] Entering getBookByISBNStore with ISBN: 9780000000011
2024-03-17 22:22:52,485 INFO buggaren [main] Exiting getBookByISBNStore with result: classes.Book@618c5d94
2024-03-17 22:23:05,181 INFO buggaren [main] Connected to the database!
2024-03-17 22:23:12,497 INFO buggaren [main] No suspensions to reset.
2024-03-17 22:23:21,882 INFO buggaren [main] Entering getBookByISBNStore with ISBN: 9780000000011
2024-03-17 22:23:21,885 INFO buggaren [main] Exiting getBookByISBNStore with result: classes.Book@556d0826
2024-03-17 23:20:03,461 INFO buggaren [main] Connected to the database!
2024-03-17 23:20:16,848 INFO buggaren [main] No suspensions to reset.
2024-03-17 23:20:37,643 INFO buggaren [main] Connected to the database!
2024-03-17 23:20:53,251 INFO buggaren [main] No suspensions to reset.
2024-03-17 23:21:04,770 INFO buggaren [main] Entering getBookByISBNStore with ISBN: 9780000000011
2024-03-17 23:21:04,773 INFO buggaren [main] Exiting getBookByISBNStore with result: classes.Book@3b220bcb
2024-03-17 23:28:44,197 INFO buggaren [main] Connected to the database!
2024-03-17 23:28:55,368 INFO buggaren [main] No suspensions to reset.
2024-03-17 23:29:09,316 INFO buggaren [main] Entering getBookByISBNStore with ISBN: 9780000000011
2024-03-17 23:29:09,318 INFO buggaren [main] Exiting getBookByISBNStore with result: classes.Book@efde75f
2024-03-18 12:33:50,600 INFO buggaren [main] Connected to the database!
2024-03-18 12:33:56,879 INFO buggaren [main] Connected to the database!
2024-03-18 12:34:14,192 INFO buggaren [main] Suspension reset for member ID: 66
2024-03-18 12:34:26,957 INFO buggaren [main] Entering getBookByISBNStore with ISBN: 9780000000011
2024-03-18 12:34:26,959 INFO buggaren [main] Exiting getBookByISBNStore with result: classes.Book@16ecee1
2024-03-19 10:34:23,216 INFO buggaren [main] Connected to the database!
2024-03-19 10:34:38,660 INFO buggaren [main] Suspension reset for member ID: 12
2024-03-19 10:34:47,752 INFO buggaren [main] Late book count updated successfully for member ID: 2. New count: 7
2024-03-19 10:34:47,753 INFO buggaren [main] Attempting to apply suspension to member ID: 2
2024-03-19 10:34:47,766 INFO buggaren [main] Suspension successfully applied to member ID: 2. Suspension period ends on 2024-04-03
2024-03-19 10:34:47,766 INFO buggaren [main] Suspension applied to member ID: 2 due to late book returns.
2024-03-19 10:35:33,238 INFO buggaren [main] Attempting to lend book with ISBN: 9780000000011 to member with ID: 2
2024-03-19 10:35:33,241 INFO buggaren [main] Member with ID: 2 cannot lend more books. Limit reached.
2024-03-19 10:35:52,309 INFO buggaren [main] Late book count updated successfully for member ID: 45. New count: 3
2024-03-19 10:35:52,309 INFO buggaren [main] Attempting to apply suspension to member ID: 45
2024-03-19 10:35:52,321 INFO buggaren [main] Suspension successfully applied to member ID: 45. Suspension period ends on 2024-04-03
2024-03-19 10:35:52,321 INFO buggaren [main] Suspension applied to member ID: 45 due to late book returns.
2024-03-19 10:35:56,421 INFO buggaren [main] Attempting to lend book with ISBN: 9780000000011 to member with ID: 45
2024-03-19 10:35:56,423 INFO buggaren [main] Entering getBookByISBNStore with ISBN: 9780000000011
2024-03-19 10:35:56,426 INFO buggaren [main] Exiting getBookByISBNStore with result: classes.Book@13e3c1c7
2024-03-19 10:35:56,427 INFO buggaren [main] Attempting to update the copies for ISBN : 9780000000011
2024-03-19 10:35:56,432 INFO buggaren [main] The available copies for ISBN: 9780000000011 updated successfully to 1
2024-03-19 10:35:56,439 INFO buggaren [main] Book with ISBN: 9780000000011 has been successfully lent out.
2024-03-19 10:35:56,439 INFO buggaren [main] Member with ID: 45 has lent book 9780000000011
2024-03-19 10:39:20,998 INFO buggaren [main] Connected to the database!
2024-03-19 10:39:29,825 INFO buggaren [main] No suspensions to reset.
2024-03-19 10:39:38,177 INFO buggaren [main] Late book count updated successfully for member ID: 11. New count: 3
2024-03-19 10:39:38,178 INFO buggaren [main] Attempting to apply suspension to member ID: 11
2024-03-19 10:39:38,188 INFO buggaren [main] Suspension successfully applied to member ID: 11. Suspension period ends on 2024-01-08
2024-03-19 10:39:38,188 INFO buggaren [main] Suspension applied to member ID: 11 due to late book returns.
2024-03-19 10:39:48,502 INFO buggaren [main] Connected to the database!
2024-03-19 10:39:59,065 INFO buggaren [main] Suspension reset for member ID: 11
2024-03-19 10:40:04,315 INFO buggaren [main] Late book count updated successfully for member ID: 11. New count: 3
2024-03-19 10:40:04,315 INFO buggaren [main] Attempting to apply suspension to member ID: 11
2024-03-19 10:40:04,329 INFO buggaren [main] Suspension successfully applied to member ID: 11. Suspension period ends on 2024-02-17
2024-03-19 10:40:04,329 INFO buggaren [main] Suspension applied to member ID: 11 due to late book returns.
2024-03-19 10:40:12,244 INFO buggaren [main] Attempting to lend book with ISBN: 9780000000011 to member with ID: 11
2024-03-19 10:40:12,247 INFO buggaren [main] Entering getBookByISBNStore with ISBN: 9780000000011
2024-03-19 10:40:12,249 INFO buggaren [main] Exiting getBookByISBNStore with result: classes.Book@efde75f
2024-03-19 10:40:12,250 INFO buggaren [main] Attempting to update the copies for ISBN : 9780000000011
2024-03-19 10:40:12,256 INFO buggaren [main] The available copies for ISBN: 9780000000011 updated successfully to 0
2024-03-19 10:40:12,262 INFO buggaren [main] Book with ISBN: 9780000000011 has been successfully lent out.
2024-03-19 10:40:12,263 INFO buggaren [main] Member with ID: 11 has lent book 9780000000011
2024-03-19 10:44:31,798 INFO buggaren [main] Connected to the database!
2024-03-19 10:44:43,348 INFO buggaren [main] Suspension reset for member ID: 11
2024-03-19 10:44:51,323 INFO buggaren [main] Late book count updated successfully for member ID: 11. New count: 3
2024-03-19 10:44:51,323 INFO buggaren [main] Attempting to apply suspension to member ID: 11
2024-03-19 10:44:51,337 INFO buggaren [main] Suspension successfully applied to member ID: 11. Suspension period ends on 2024-03-16
2024-03-19 10:44:51,337 INFO buggaren [main] Suspension applied to member ID: 11 due to late book returns.
2024-03-19 10:44:58,716 INFO buggaren [main] Attempting to lend book with ISBN: 9780000000011 to member with ID: 11
2024-03-19 10:44:58,718 INFO buggaren [main] Entering getBookByISBNStore with ISBN: 9780000000011
2024-03-19 10:44:58,720 INFO buggaren [main] Exiting getBookByISBNStore with result: classes.Book@3b220bcb
2024-03-19 10:44:58,722 INFO buggaren [main] Book with ISBN 9780000000011 has no available copies to lend.
2024-03-19 10:44:58,722 INFO buggaren [main] Member with ID: 11 has lent book 9780000000011
2024-03-19 10:46:34,811 INFO buggaren [main] Connected to the database!
2024-03-19 10:46:41,458 INFO buggaren [main] No suspensions to reset.
2024-03-19 10:47:32,848 INFO buggaren [main] Attempting to process return for book with ISBN: 9780000000007 by member ID: 11
2024-03-19 10:47:32,858 INFO buggaren [main] Book with ISBN: 9780000000007 successfully returned by member ID: 11
2024-03-19 10:47:32,867 INFO buggaren [main] Late book count updated successfully for member ID: 11. New count: 0
2024-03-19 10:49:41,947 INFO buggaren [main] Attempting to process return for book with ISBN: 9780000000011 by member ID: 11
2024-03-19 10:49:41,954 INFO buggaren [main] Book with ISBN: 9780000000011 successfully returned by member ID: 11
2024-03-19 10:49:41,957 INFO buggaren [main] Late book count updated successfully for member ID: 11. New count: 0
2024-03-19 10:50:34,902 INFO buggaren [main] No suspensions to reset.
2024-03-19 10:57:53,151 INFO buggaren [main] Connected to the database!
2024-03-19 10:58:01,213 INFO buggaren [main] No suspensions to reset.
2024-03-19 11:06:37,397 INFO buggaren [main] Connected to the database!
2024-03-19 11:06:43,070 INFO buggaren [main] No suspensions to reset.
2024-03-19 11:24:55,402 INFO buggaren [main] Connected to the database!
2024-03-19 11:26:04,777 INFO buggaren [main] Member with ID: 45 has been anonymized.
2024-03-19 11:26:04,780 INFO buggaren [main] Member status removed for member ID: 45
2024-03-19 11:26:04,806 INFO buggaren [main] Attempting to process return for book with ISBN: 9780307476463 by member ID: 1
2024-03-19 11:26:04,807 INFO buggaren [main] Book with ISBN: 9780307476463 successfully returned by member ID: 1
2024-03-19 11:26:04,815 INFO buggaren [main] Social security number written to file: 0
2024-03-19 11:26:04,816 INFO buggaren [main] Member with ID: 45 has been anonymized.
2024-03-19 11:26:04,816 INFO buggaren [main] Member status removed for member ID: 45
2024-03-19 11:26:04,817 INFO buggaren [main] Member with ID: 45 permanently banned.
2024-03-19 11:26:04,821 INFO buggaren [main] Attempting to update the copies for ISBN : 9780307476463
2024-03-19 11:26:04,822 INFO buggaren [main] The available copies for ISBN: 9780307476463 updated successfully to 4
2024-03-19 11:26:04,830 INFO buggaren [main] Suspension reset for member ID: 45
2024-03-19 11:26:05,202 INFO buggaren [main] Connected to the database!
2024-03-19 11:27:09,148 INFO buggaren [main] Member with ID: 45 has been anonymized.
2024-03-19 11:27:09,151 INFO buggaren [main] Member status removed for member ID: 45
2024-03-19 11:27:09,179 INFO buggaren [main] Attempting to process return for book with ISBN: 9780307476463 by member ID: 1
2024-03-19 11:27:09,180 INFO buggaren [main] Book with ISBN: 9780307476463 successfully returned by member ID: 1
2024-03-19 11:27:09,188 INFO buggaren [main] Social security number written to file: 0
2024-03-19 11:27:09,189 INFO buggaren [main] Member with ID: 45 has been anonymized.
2024-03-19 11:27:09,189 INFO buggaren [main] Member status removed for member ID: 45
2024-03-19 11:27:09,189 INFO buggaren [main] Member with ID: 45 permanently banned.
2024-03-19 11:27:09,194 INFO buggaren [main] Attempting to update the copies for ISBN : 9780307476463
2024-03-19 11:27:09,195 INFO buggaren [main] The available copies for ISBN: 9780307476463 updated successfully to 4
2024-03-19 11:27:09,202 INFO buggaren [main] Suspension reset for member ID: 45
2024-03-19 11:27:09,583 INFO buggaren [main] Connected to the database!
2024-03-19 14:01:48,342 INFO buggaren [main] Connected to the database!
2024-03-19 14:01:57,051 INFO buggaren [main] No suspensions to reset.
2024-03-19 14:02:02,870 INFO buggaren [main] Late book count updated successfully for member ID: 16. New count: 0
2024-03-19 14:02:32,085 INFO buggaren [main] Attempting to lend book with ISBN: 9780000000011 to member with ID: 16
2024-03-19 14:02:32,088 INFO buggaren [main] Member with ID: 16 cannot lend more books. Limit reached.
2024-03-19 14:04:40,046 INFO buggaren [main] Connected to the database!
2024-03-19 14:04:51,292 INFO buggaren [main] No suspensions to reset.
2024-03-19 14:06:19,390 INFO buggaren [main] Connected to the database!
2024-03-19 14:06:25,370 INFO buggaren [main] No suspensions to reset.
2024-03-19 14:06:33,868 INFO buggaren [main] Late book count updated successfully for member ID: 6. New count: 0
2024-03-19 14:06:36,262 INFO buggaren [main] Attempting to lend book with ISBN: 9780000000002 to member with ID: 6
2024-03-19 14:06:36,265 INFO buggaren [main] Entering getBookByISBNStore with ISBN: 9780000000002
2024-03-19 14:06:36,277 INFO buggaren [main] Exiting getBookByISBNStore with result: classes.Book@666b83a4
2024-03-19 14:06:36,278 INFO buggaren [main] Attempting to update the copies for ISBN : 9780000000002
2024-03-19 14:06:36,285 INFO buggaren [main] The available copies for ISBN: 9780000000002 updated successfully to 1
2024-03-19 14:06:36,291 INFO buggaren [main] Book with ISBN: 9780000000002 has been successfully lent out.
2024-03-19 14:06:36,291 INFO buggaren [main] Member with ID: 6 has lent book 9780000000002
2024-03-19 14:06:36,291 INFO buggaren [main] Entering getBookByISBNStore with ISBN: 9780000000002
2024-03-19 14:06:36,292 INFO buggaren [main] Exiting getBookByISBNStore with result: classes.Book@3f053c80
2024-03-19 14:06:36,292 INFO buggaren [main] Entering getBookByISBNStore with ISBN: 9780000000002
2024-03-19 14:06:36,293 INFO buggaren [main] Exiting getBookByISBNStore with result: classes.Book@618c5d94
2024-03-19 14:06:36,293 INFO buggaren [main] Attempting to update the copies for ISBN : 9780000000002
2024-03-19 14:06:36,298 INFO buggaren [main] The available copies for ISBN: 9780000000002 updated successfully to 0
2024-03-19 14:06:36,305 INFO buggaren [main] Book with ISBN: 9780000000002 has been successfully lent out.
2024-03-19 14:06:36,305 INFO buggaren [main] Entering getBookByISBNStore with ISBN: 9780000000002
2024-03-19 14:06:36,306 INFO buggaren [main] Exiting getBookByISBNStore with result: classes.Book@1e63ec0b
2024-03-19 14:06:36,306 INFO buggaren [main] Book with ISBN 9780000000002 has no available copies to lend.
2024-03-19 14:06:36,306 INFO buggaren [main] Member with ID: 6 has lent book 9780000000002
2024-03-19 14:06:46,976 INFO buggaren [main] Late book count updated successfully for member ID: 6. New count: 0
2024-03-19 14:06:52,276 INFO buggaren [main] Attempting to lend book with ISBN: 9780000000002 to member with ID: 6
2024-03-19 14:06:52,278 INFO buggaren [main] Member with ID: 6 cannot lend more books. Limit reached.
2024-03-19 14:07:34,960 INFO buggaren [main] Late book count updated successfully for member ID: 17. New count: 2
2024-03-19 14:07:37,345 INFO buggaren [main] Attempting to lend book with ISBN: 9780000000011 to member with ID: 17
2024-03-19 14:07:37,347 INFO buggaren [main] Entering getBookByISBNStore with ISBN: 9780000000011
2024-03-19 14:07:37,348 INFO buggaren [main] Exiting getBookByISBNStore with result: classes.Book@207ea13
2024-03-19 14:07:37,348 INFO buggaren [main] Book with ISBN 9780000000011 has no available copies to lend.
2024-03-19 14:07:37,348 INFO buggaren [main] Member with ID: 17 has lent book 9780000000011
2024-03-19 14:07:37,348 INFO buggaren [main] Entering getBookByISBNStore with ISBN: 9780000000011
2024-03-19 14:07:37,349 INFO buggaren [main] Exiting getBookByISBNStore with result: classes.Book@62dae540
2024-03-19 14:07:37,349 INFO buggaren [main] book no avaliable //lending store 
2024-03-19 14:09:23,289 INFO buggaren [main] Late book count updated successfully for member ID: 11. New count: 0
2024-03-19 14:09:34,643 INFO buggaren [main] Attempting to lend book with ISBN: 9780000000015 to member with ID: 11
2024-03-19 14:09:34,645 INFO buggaren [main] Member with ID: 11 cannot lend books due to null social security number or does not exist.
2024-03-19 14:09:45,203 INFO buggaren [main] Late book count updated successfully for member ID: 17. New count: 2
2024-03-19 14:09:54,475 INFO buggaren [main] Attempting to lend book with ISBN: 9780000000015 to member with ID: 17
2024-03-19 14:09:54,477 INFO buggaren [main] Entering getBookByISBNStore with ISBN: 9780000000015
2024-03-19 14:09:54,477 INFO buggaren [main] Exiting getBookByISBNStore with result: classes.Book@652a7737
2024-03-19 14:09:54,478 INFO buggaren [main] Attempting to update the copies for ISBN : 9780000000015
2024-03-19 14:09:54,485 INFO buggaren [main] The available copies for ISBN: 9780000000015 updated successfully to 4
2024-03-19 14:09:54,492 INFO buggaren [main] Book with ISBN: 9780000000015 has been successfully lent out.
2024-03-19 14:09:54,492 INFO buggaren [main] Member with ID: 17 has lent book 9780000000015
2024-03-19 14:09:54,492 INFO buggaren [main] Entering getBookByISBNStore with ISBN: 9780000000015
2024-03-19 14:09:54,493 INFO buggaren [main] Exiting getBookByISBNStore with result: classes.Book@30f5a68a
2024-03-19 14:09:54,493 INFO buggaren [main] Entering getBookByISBNStore with ISBN: 9780000000015
2024-03-19 14:09:54,494 INFO buggaren [main] Exiting getBookByISBNStore with result: classes.Book@4f2c9ba6
2024-03-19 14:09:54,494 INFO buggaren [main] Attempting to update the copies for ISBN : 9780000000015
2024-03-19 14:09:54,500 INFO buggaren [main] The available copies for ISBN: 9780000000015 updated successfully to 3
2024-03-19 14:09:54,506 INFO buggaren [main] Book with ISBN: 9780000000015 has been successfully lent out.
2024-03-19 14:09:54,506 INFO buggaren [main] Entering getBookByISBNStore with ISBN: 9780000000015
2024-03-19 14:09:54,507 INFO buggaren [main] Exiting getBookByISBNStore with result: classes.Book@f0e995e
2024-03-19 14:09:54,508 INFO buggaren [main] Attempting to update the copies for ISBN : 9780000000015
2024-03-19 14:09:54,512 INFO buggaren [main] The available copies for ISBN: 9780000000015 updated successfully to 2
2024-03-19 14:09:54,518 INFO buggaren [main] Book with ISBN: 9780000000015 has been successfully lent out.
2024-03-19 14:09:54,518 INFO buggaren [main] Member with ID: 17 has lent book 9780000000015
2024-03-19 14:10:06,239 INFO buggaren [main] Late book count updated successfully for member ID: 17. New count: 2
2024-03-19 14:10:08,299 INFO buggaren [main] Attempting to lend book with ISBN: 9780000000011 to member with ID: 17
2024-03-19 14:10:08,301 INFO buggaren [main] Member with ID: 17 cannot lend more books. Limit reached.
2024-03-19 14:10:22,261 INFO buggaren [main] Late book count updated successfully for member ID: 18. New count: 0
2024-03-19 14:10:25,771 INFO buggaren [main] Attempting to lend book with ISBN: 9780000000011 to member with ID: 18
2024-03-19 14:10:25,774 INFO buggaren [main] Entering getBookByISBNStore with ISBN: 9780000000011
2024-03-19 14:10:25,775 INFO buggaren [main] Exiting getBookByISBNStore with result: classes.Book@485a3466
2024-03-19 14:10:25,775 INFO buggaren [main] Book with ISBN 9780000000011 has no available copies to lend.
2024-03-19 14:10:25,775 INFO buggaren [main] Member with ID: 18 has lent book 9780000000011
2024-03-19 14:10:25,775 INFO buggaren [main] Entering getBookByISBNStore with ISBN: 9780000000011
2024-03-19 14:10:25,776 INFO buggaren [main] Exiting getBookByISBNStore with result: classes.Book@2b43529a
2024-03-19 14:10:25,776 INFO buggaren [main] book no avaliable //lending store 
2024-03-19 14:10:38,829 INFO buggaren [main] Connected to the database!
2024-03-19 14:10:45,063 INFO buggaren [main] No suspensions to reset.
2024-03-19 14:10:52,948 INFO buggaren [main] Late book count updated successfully for member ID: 18. New count: 0
2024-03-19 14:10:54,316 INFO buggaren [main] Attempting to lend book with ISBN: 9780000000011 to member with ID: 18
2024-03-19 14:10:54,318 INFO buggaren [main] Entering getBookByISBNStore with ISBN: 9780000000011
2024-03-19 14:10:54,320 INFO buggaren [main] Exiting getBookByISBNStore with result: classes.Book@666b83a4
2024-03-19 14:10:54,323 INFO buggaren [main] Book with ISBN 9780000000011 has no available copies to lend.
2024-03-19 14:10:54,323 INFO buggaren [main] Member with ID: 18 has lent book 9780000000011
2024-03-19 14:10:54,323 INFO buggaren [main] Entering getBookByISBNStore with ISBN: 9780000000011
2024-03-19 14:10:54,324 INFO buggaren [main] Exiting getBookByISBNStore with result: classes.Book@160ac7fb
2024-03-19 14:10:54,324 INFO buggaren [main] book no available //lending store 
